  1>Building Custom Rule D:/Programming/Unreal/ProjectBM/Server/trd/oneTBB-master/src/tbb/CMakeLists.txt
  address_waiter.cpp
  allocator.cpp
  arena.cpp
  arena_slot.cpp
  concurrent_bounded_queue.cpp
  dynamic_link.cpp
  exception.cpp
  governor.cpp
  global_control.cpp
  itt_notify.cpp
  main.cpp
  market.cpp
  tcm_adaptor.cpp
  misc.cpp
  misc_ex.cpp
  observer_proxy.cpp
  parallel_pipeline.cpp
  private_server.cpp
  profiling.cpp
  rml_tbb.cpp
  컴파일하고 있습니다...
  rtm_mutex.cpp
  rtm_rw_mutex.cpp
  semaphore.cpp
  small_object_pool.cpp
  task.cpp
  task_dispatcher.cpp
  task_group_context.cpp
  thread_dispatcher.cpp
  thread_request_serializer.cpp
  threading_control.cpp
  version.cpp
  queuing_rw_mutex.cpp
     D:/Programming/Unreal/ProjectBM/Server/trd/oneTBB-master/msvc_19.29_cxx_64_md_release/tbb12.lib 라이브러리 및 D:/Programming/Unreal/ProjectBM/Server/trd/oneTBB-master/msvc_19.29_cxx_64_md_release/tbb12.exp 개체를 생성하고 있습니다.
  코드를 생성하고 있습니다.
  Previous IPDB not found, fall back to full compilation.
  All 2574 functions were compiled because no usable IPDB/IOBJ from previous compilation was found.
  코드를 생성했습니다.
  tbb.vcxproj -> D:\Programming\Unreal\ProjectBM\Server\trd\oneTBB-master\msvc_19.29_cxx_64_md_release\tbb12.dll
