d:\programming\unreal\projectbm\server\immediate\obj\debug\base\base.pch
d:\programming\unreal\projectbm\server\immediate\lib\debug\base\base.pdb
d:\programming\unreal\projectbm\server\immediate\lib\debug\base\base.idb
d:\programming\unreal\projectbm\server\immediate\obj\debug\base\pch.obj
d:\programming\unreal\projectbm\server\immediate\obj\debug\base\thread.obj
d:\programming\unreal\projectbm\server\immediate\obj\debug\base\taskcomponent.obj
d:\programming\unreal\projectbm\server\immediate\obj\debug\base\task.obj
d:\programming\unreal\projectbm\server\immediate\obj\debug\base\system.obj
d:\programming\unreal\projectbm\server\immediate\obj\debug\base\singleton.obj
d:\programming\unreal\projectbm\server\immediate\obj\debug\base\memorysystem.obj
d:\programming\unreal\projectbm\server\immediate\obj\debug\base\memoryentity.obj
d:\programming\unreal\projectbm\server\immediate\obj\debug\base\lock.obj
d:\programming\unreal\projectbm\server\immediate\obj\debug\base\inputsystem.obj
d:\programming\unreal\projectbm\server\immediate\obj\debug\base\entity.obj
d:\programming\unreal\projectbm\server\immediate\obj\debug\base\component.obj
d:\programming\unreal\projectbm\server\immediate\obj\debug\base\cinputevent.obj
d:\programming\unreal\projectbm\server\immediate\obj\debug\base\atomic.obj
d:\programming\unreal\projectbm\server\immediate\obj\debug\base\appmanager.obj
d:\programming\unreal\projectbm\server\immediate\obj\debug\base\alloccomponent.obj
d:\programming\unreal\projectbm\server\immediate\lib\debug\base\base.lib
d:\programming\unreal\projectbm\server\immediate\obj\debug\base\base.tlog\cl.command.1.tlog
d:\programming\unreal\projectbm\server\immediate\obj\debug\base\base.tlog\cl.read.1.tlog
d:\programming\unreal\projectbm\server\immediate\obj\debug\base\base.tlog\cl.write.1.tlog
d:\programming\unreal\projectbm\server\immediate\obj\debug\base\base.tlog\lib-link.read.1.tlog
d:\programming\unreal\projectbm\server\immediate\obj\debug\base\base.tlog\lib-link.write.1.tlog
d:\programming\unreal\projectbm\server\immediate\obj\debug\base\base.tlog\lib.command.1.tlog
