d:\programming\unreal\projectbm\server\immediate\obj\debug\network\network.pch
d:\programming\unreal\projectbm\server\immediate\lib\debug\network\network.pdb
d:\programming\unreal\projectbm\server\immediate\lib\debug\network\network.idb
d:\programming\unreal\projectbm\server\immediate\obj\debug\network\pch.obj
d:\programming\unreal\projectbm\server\immediate\obj\debug\network\packetwriter.obj
d:\programming\unreal\projectbm\server\immediate\obj\debug\network\packetregistry.obj
d:\programming\unreal\projectbm\server\immediate\obj\debug\network\packetreader.obj
d:\programming\unreal\projectbm\server\immediate\obj\debug\network\packethandler.obj
d:\programming\unreal\projectbm\server\immediate\obj\debug\network\packetbase.obj
d:\programming\unreal\projectbm\server\immediate\obj\debug\network\packet.obj
d:\programming\unreal\projectbm\server\immediate\obj\debug\network\networkappmanager.obj
d:\programming\unreal\projectbm\server\immediate\obj\debug\network\marshalercomponent.obj
d:\programming\unreal\projectbm\server\immediate\obj\debug\network\listensystem.obj
d:\programming\unreal\projectbm\server\immediate\obj\debug\network\iocp.obj
d:\programming\unreal\projectbm\server\immediate\obj\debug\network\handlerregistry.obj
d:\programming\unreal\projectbm\server\immediate\obj\debug\network\handler.obj
d:\programming\unreal\projectbm\server\immediate\obj\debug\network\builder.obj
d:\programming\unreal\projectbm\server\immediate\obj\debug\network\asynctcpeventsink.obj
d:\programming\unreal\projectbm\server\immediate\obj\debug\network\asynctcpevent.obj
d:\programming\unreal\projectbm\server\immediate\obj\debug\network\asynctcpcomponent.obj
d:\programming\unreal\projectbm\server\immediate\obj\debug\network\asynctask.obj
d:\programming\unreal\projectbm\server\immediate\obj\debug\network\asynceventsink.obj
d:\programming\unreal\projectbm\server\immediate\obj\debug\network\asyncevent.obj
d:\programming\unreal\projectbm\server\immediate\obj\debug\network\asyncdispatcher.obj
d:\programming\unreal\projectbm\server\immediate\obj\debug\network\socket.obj
d:\programming\unreal\projectbm\server\immediate\obj\debug\network\sendpolicy.obj
d:\programming\unreal\projectbm\server\immediate\obj\debug\network\peerlistener.obj
d:\programming\unreal\projectbm\server\immediate\obj\debug\network\peerfacade.obj
d:\programming\unreal\projectbm\server\immediate\obj\debug\network\peer.obj
d:\programming\unreal\projectbm\server\immediate\lib\debug\network\network.lib
d:\programming\unreal\projectbm\server\immediate\obj\debug\network\network.tlog\cl.command.1.tlog
d:\programming\unreal\projectbm\server\immediate\obj\debug\network\network.tlog\cl.read.1.tlog
d:\programming\unreal\projectbm\server\immediate\obj\debug\network\network.tlog\cl.write.1.tlog
d:\programming\unreal\projectbm\server\immediate\obj\debug\network\network.tlog\lib-link.read.1.tlog
d:\programming\unreal\projectbm\server\immediate\obj\debug\network\network.tlog\lib-link.write.1.tlog
d:\programming\unreal\projectbm\server\immediate\obj\debug\network\network.tlog\lib.command.1.tlog
